# JRE version: Java(TM) SE Runtime Environment (8.0_211-b12) (build 1.8.0_211-b12)
# Java VM: Java HotSpot(TM) 64-Bit Server VM (25.211-b12 mixed mode windows-amd64 compressed oops)
Heap:
 PSYoungGen      total 76288K, used 41735K [0x00000000f5580000, 0x00000000fd080000, 0x0000000100000000)
  eden space 65536K, 50% used [0x00000000f5580000,0x00000000f76159d0,0x00000000f9580000)
  from space 10752K, 77% used [0x00000000f9580000,0x00000000f9dac530,0x00000000fa000000)
  to   space 11776K, 0% used [0x00000000fc500000,0x00000000fc500000,0x00000000fd080000)
 ParOldGen       total 175104K, used 8189K [0x00000000e0000000, 0x00000000eab00000, 0x00000000f5580000)
  object space 175104K, 4% used [0x00000000e0000000,0x00000000e07ff760,0x00000000eab00000)
 Metaspace       used 30589K, capacity 31740K, committed 32000K, reserved 1077248K
  class space    used 4319K, capacity 4554K, committed 4608K, reserved 1048576K
GC Heap History (10 events):
Event: 5.239 GC heap before
{Heap before GC invocations=2 (full 0):
 PSYoungGen      total 76288K, used 71393K [0x00000000f5580000, 0x00000000faa80000, 0x0000000100000000)
  eden space 65536K, 100% used [0x00000000f5580000,0x00000000f9580000,0x00000000f9580000)
  from space 10752K, 54% used [0x00000000f9580000,0x00000000f9b38568,0x00000000fa000000)
  to   space 10752K, 0% used [0x00000000fa000000,0x00000000fa000000,0x00000000faa80000)
 ParOldGen       total 175104K, used 8K [0x00000000e0000000, 0x00000000eab00000, 0x00000000f5580000)
  object space 175104K, 0% used [0x00000000e0000000,0x00000000e0002000,0x00000000eab00000)
 Metaspace       used 14175K, capacity 14638K, committed 14976K, reserved 1062912K
  class space    used 1999K, capacity 2139K, committed 2176K, reserved 1048576K
Event: 5.255 GC heap after
Heap after GC invocations=2 (full 0):
 PSYoungGen      total 76288K, used 9256K [0x00000000f5580000, 0x00000000faa80000, 0x0000000100000000)
  eden space 65536K, 0% used [0x00000000f5580000,0x00000000f5580000,0x00000000f9580000)
  from space 10752K, 86% used [0x00000000fa000000,0x00000000fa90a0d8,0x00000000faa80000)
  to   space 10752K, 0% used [0x00000000f9580000,0x00000000f9580000,0x00000000fa000000)
 ParOldGen       total 175104K, used 16K [0x00000000e0000000, 0x00000000eab00000, 0x00000000f5580000)
  object space 175104K, 0% used [0x00000000e0000000,0x00000000e0004000,0x00000000eab00000)
 Metaspace       used 14175K, capacity 14638K, committed 14976K, reserved 1062912K
  class space    used 1999K, capacity 2139K, committed 2176K, reserved 1048576K
}
Event: 6.351 GC heap before
{Heap before GC invocations=3 (full 0):
 PSYoungGen      total 76288K, used 74792K [0x00000000f5580000, 0x00000000faa80000, 0x0000000100000000)
  eden space 65536K, 100% used [0x00000000f5580000,0x00000000f9580000,0x00000000f9580000)
  from space 10752K, 86% used [0x00000000fa000000,0x00000000fa90a0d8,0x00000000faa80000)
  to   space 10752K, 0% used [0x00000000f9580000,0x00000000f9580000,0x00000000fa000000)
 ParOldGen       total 175104K, used 16K [0x00000000e0000000, 0x00000000eab00000, 0x00000000f5580000)
  object space 175104K, 0% used [0x00000000e0000000,0x00000000e0004000,0x00000000eab00000)
 Metaspace       used 19222K, capacity 19956K, committed 20224K, reserved 1067008K
  class space    used 2821K, capacity 3022K, committed 3072K, reserved 1048576K
Event: 6.370 GC heap after
Heap after GC invocations=3 (full 0):
 PSYoungGen      total 76288K, used 10722K [0x00000000f5580000, 0x00000000faa80000, 0x0000000100000000)
  eden space 65536K, 0% used [0x00000000f5580000,0x00000000f5580000,0x00000000f9580000)
  from space 10752K, 99% used [0x00000000f9580000,0x00000000f9ff8b50,0x00000000fa000000)
  to   space 10752K, 0% used [0x00000000fa000000,0x00000000fa000000,0x00000000faa80000)
 ParOldGen       total 175104K, used 673K [0x00000000e0000000, 0x00000000eab00000, 0x00000000f5580000)
  object space 175104K, 0% used [0x00000000e0000000,0x00000000e00a8630,0x00000000eab00000)
 Metaspace       used 19222K, capacity 19956K, committed 20224K, reserved 1067008K
  class space    used 2821K, capacity 3022K, committed 3072K, reserved 1048576K
}
Event: 6.642 GC heap before
{Heap before GC invocations=4 (full 0):
 PSYoungGen      total 76288K, used 30677K [0x00000000f5580000, 0x00000000faa80000, 0x0000000100000000)
  eden space 65536K, 30% used [0x00000000f5580000,0x00000000f68fc8d0,0x00000000f9580000)
  from space 10752K, 99% used [0x00000000f9580000,0x00000000f9ff8b50,0x00000000fa000000)
  to   space 10752K, 0% used [0x00000000fa000000,0x00000000fa000000,0x00000000faa80000)
 ParOldGen       total 175104K, used 673K [0x00000000e0000000, 0x00000000eab00000, 0x00000000f5580000)
  object space 175104K, 0% used [0x00000000e0000000,0x00000000e00a8630,0x00000000eab00000)
 Metaspace       used 20513K, capacity 21138K, committed 21296K, reserved 1067008K
  class space    used 3039K, capacity 3199K, committed 3200K, reserved 1048576K
Event: 6.652 GC heap after
Heap after GC invocations=4 (full 0):
 PSYoungGen      total 76288K, used 8324K [0x00000000f5580000, 0x00000000fea80000, 0x0000000100000000)
  eden space 65536K, 0% used [0x00000000f5580000,0x00000000f5580000,0x00000000f9580000)
  from space 10752K, 77% used [0x00000000fa000000,0x00000000fa821280,0x00000000faa80000)
  to   space 10752K, 0% used [0x00000000f9580000,0x00000000f9580000,0x00000000fa000000)
 ParOldGen       total 175104K, used 681K [0x00000000e0000000, 0x00000000eab00000, 0x00000000f5580000)
  object space 175104K, 0% used [0x00000000e0000000,0x00000000e00aa630,0x00000000eab00000)
 Metaspace       used 20513K, capacity 21138K, committed 21296K, reserved 1067008K
  class space    used 3039K, capacity 3199K, committed 3200K, reserved 1048576K
}
Event: 6.652 GC heap before
{Heap before GC invocations=5 (full 1):
 PSYoungGen      total 76288K, used 8324K [0x00000000f5580000, 0x00000000fea80000, 0x0000000100000000)
  eden space 65536K, 0% used [0x00000000f5580000,0x00000000f5580000,0x00000000f9580000)
  from space 10752K, 77% used [0x00000000fa000000,0x00000000fa821280,0x00000000faa80000)
  to   space 10752K, 0% used [0x00000000f9580000,0x00000000f9580000,0x00000000fa000000)
 ParOldGen       total 175104K, used 681K [0x00000000e0000000, 0x00000000eab00000, 0x00000000f5580000)
  object space 175104K, 0% used [0x00000000e0000000,0x00000000e00aa630,0x00000000eab00000)
 Metaspace       used 20513K, capacity 21138K, committed 21296K, reserved 1067008K
  class space    used 3039K, capacity 3199K, committed 3200K, reserved 1048576K
Event: 6.718 GC heap after
Heap after GC invocations=5 (full 1):
 PSYoungGen      total 76288K, used 0K [0x00000000f5580000, 0x00000000fea80000, 0x0000000100000000)
  eden space 65536K, 0% used [0x00000000f5580000,0x00000000f5580000,0x00000000f9580000)
  from space 10752K, 0% used [0x00000000fa000000,0x00000000fa000000,0x00000000faa80000)
  to   space 10752K, 0% used [0x00000000f9580000,0x00000000f9580000,0x00000000fa000000)
 ParOldGen       total 175104K, used 8181K [0x00000000e0000000, 0x00000000eab00000, 0x00000000f5580000)
  object space 175104K, 4% used [0x00000000e0000000,0x00000000e07fd760,0x00000000eab00000)
 Metaspace       used 20513K, capacity 21138K, committed 21296K, reserved 1067008K
  class space    used 3039K, capacity 3199K, committed 3200K, reserved 1048576K
}
Event: 8.083 GC heap before
{Heap before GC invocations=6 (full 1):
 PSYoungGen      total 76288K, used 65536K [0x00000000f5580000, 0x00000000fea80000, 0x0000000100000000)
  eden space 65536K, 100% used [0x00000000f5580000,0x00000000f9580000,0x00000000f9580000)
  from space 10752K, 0% used [0x00000000fa000000,0x00000000fa000000,0x00000000faa80000)
  to   space 10752K, 0% used [0x00000000f9580000,0x00000000f9580000,0x00000000fa000000)
 ParOldGen       total 175104K, used 8181K [0x00000000e0000000, 0x00000000eab00000, 0x00000000f5580000)
  object space 175104K, 4% used [0x00000000e0000000,0x00000000e07fd760,0x00000000eab00000)
 Metaspace       used 28463K, capacity 29384K, committed 29440K, reserved 1075200K
  class space    used 4134K, capacity 4348K, committed 4352K, reserved 1048576K
Event: 8.092 GC heap after
Heap after GC invocations=6 (full 1):
 PSYoungGen      total 76288K, used 8369K [0x00000000f5580000, 0x00000000fd080000, 0x0000000100000000)
  eden space 65536K, 0% used [0x00000000f5580000,0x00000000f5580000,0x00000000f9580000)
  from space 10752K, 77% used [0x00000000f9580000,0x00000000f9dac530,0x00000000fa000000)
  to   space 11776K, 0% used [0x00000000fc500000,0x00000000fc500000,0x00000000fd080000)
 ParOldGen       total 175104K, used 8189K [0x00000000e0000000, 0x00000000eab00000, 0x00000000f5580000)
  object space 175104K, 4% used [0x00000000e0000000,0x00000000e07ff760,0x00000000eab00000)
 Metaspace       used 28463K, capacity 29384K, committed 29440K, reserved 1075200K
  class space    used 4134K, capacity 4348K, committed 4352K, reserved 1048576K
}

