# JRE version: Java(TM) SE Runtime Environment (8.0_211-b12) (build 1.8.0_211-b12)
# Java VM: Java HotSpot(TM) 64-Bit Server VM (25.211-b12 mixed mode windows-amd64 compressed oops)
Heap:
 PSYoungGen      total 152064K, used 22915K [0x00000000f5580000, 0x00000000ffe80000, 0x0000000100000000)
  eden space 133120K, 10% used [0x00000000f5580000,0x00000000f62af7c0,0x00000000fd780000)
  from space 18944K, 49% used [0x00000000fec00000,0x00000000ff531798,0x00000000ffe80000)
  to   space 19968K, 0% used [0x00000000fd780000,0x00000000fd780000,0x00000000feb00000)
 ParOldGen       total 175104K, used 52267K [0x00000000e0000000, 0x00000000eab00000, 0x00000000f5580000)
  object space 175104K, 29% used [0x00000000e0000000,0x00000000e330af18,0x00000000eab00000)
 Metaspace       used 77098K, capacity 80982K, committed 81280K, reserved 1120256K
  class space    used 10594K, capacity 11373K, committed 11392K, reserved 1048576K
GC Heap History (10 events):
Event: 89.140 GC heap before
{Heap before GC invocations=15 (full 3):
 PSYoungGen      total 113664K, used 13886K [0x00000000f5580000, 0x0000000100000000, 0x0000000100000000)
  eden space 94208K, 0% used [0x00000000f5580000,0x00000000f5580000,0x00000000fb180000)
  from space 19456K, 71% used [0x00000000fc500000,0x00000000fd28fa18,0x00000000fd800000)
  to   space 19968K, 0% used [0x00000000fb180000,0x00000000fb180000,0x00000000fc500000)
 ParOldGen       total 175104K, used 29972K [0x00000000e0000000, 0x00000000eab00000, 0x00000000f5580000)
  object space 175104K, 17% used [0x00000000e0000000,0x00000000e1d45310,0x00000000eab00000)
 Metaspace       used 56661K, capacity 59092K, committed 59160K, reserved 1099776K
  class space    used 7939K, capacity 8524K, committed 8576K, reserved 1048576K
Event: 89.480 GC heap after
Heap after GC invocations=15 (full 3):
 PSYoungGen      total 113664K, used 0K [0x00000000f5580000, 0x0000000100000000, 0x0000000100000000)
  eden space 94208K, 0% used [0x00000000f5580000,0x00000000f5580000,0x00000000fb180000)
  from space 19456K, 0% used [0x00000000fc500000,0x00000000fc500000,0x00000000fd800000)
  to   space 19968K, 0% used [0x00000000fb180000,0x00000000fb180000,0x00000000fc500000)
 ParOldGen       total 175104K, used 33286K [0x00000000e0000000, 0x00000000eab00000, 0x00000000f5580000)
  object space 175104K, 19% used [0x00000000e0000000,0x00000000e2081918,0x00000000eab00000)
 Metaspace       used 56636K, capacity 59008K, committed 59160K, reserved 1099776K
  class space    used 7932K, capacity 8510K, committed 8576K, reserved 1048576K
}
Event: 91.436 GC heap before
{Heap before GC invocations=16 (full 3):
 PSYoungGen      total 113664K, used 94208K [0x00000000f5580000, 0x0000000100000000, 0x0000000100000000)
  eden space 94208K, 100% used [0x00000000f5580000,0x00000000fb180000,0x00000000fb180000)
  from space 19456K, 0% used [0x00000000fc500000,0x00000000fc500000,0x00000000fd800000)
  to   space 19968K, 0% used [0x00000000fb180000,0x00000000fb180000,0x00000000fc500000)
 ParOldGen       total 175104K, used 33286K [0x00000000e0000000, 0x00000000eab00000, 0x00000000f5580000)
  object space 175104K, 19% used [0x00000000e0000000,0x00000000e2081918,0x00000000eab00000)
 Metaspace       used 61210K, capacity 63938K, committed 64128K, reserved 1103872K
  class space    used 8650K, capacity 9229K, committed 9344K, reserved 1048576K
Event: 91.447 GC heap after
Heap after GC invocations=16 (full 3):
 PSYoungGen      total 114176K, used 9954K [0x00000000f5580000, 0x00000000fff80000, 0x0000000100000000)
  eden space 94208K, 0% used [0x00000000f5580000,0x00000000f5580000,0x00000000fb180000)
  from space 19968K, 49% used [0x00000000fb180000,0x00000000fbb38a40,0x00000000fc500000)
  to   space 19456K, 0% used [0x00000000fec80000,0x00000000fec80000,0x00000000fff80000)
 ParOldGen       total 175104K, used 33286K [0x00000000e0000000, 0x00000000eab00000, 0x00000000f5580000)
  object space 175104K, 19% used [0x00000000e0000000,0x00000000e2081918,0x00000000eab00000)
 Metaspace       used 61210K, capacity 63938K, committed 64128K, reserved 1103872K
  class space    used 8650K, capacity 9229K, committed 9344K, reserved 1048576K
}
Event: 95.537 GC heap before
{Heap before GC invocations=17 (full 3):
 PSYoungGen      total 114176K, used 104162K [0x00000000f5580000, 0x00000000fff80000, 0x0000000100000000)
  eden space 94208K, 100% used [0x00000000f5580000,0x00000000fb180000,0x00000000fb180000)
  from space 19968K, 49% used [0x00000000fb180000,0x00000000fbb38a40,0x00000000fc500000)
  to   space 19456K, 0% used [0x00000000fec80000,0x00000000fec80000,0x00000000fff80000)
 ParOldGen       total 175104K, used 33286K [0x00000000e0000000, 0x00000000eab00000, 0x00000000f5580000)
  object space 175104K, 19% used [0x00000000e0000000,0x00000000e2081918,0x00000000eab00000)
 Metaspace       used 69274K, capacity 72544K, committed 72832K, reserved 1112064K
  class space    used 9809K, capacity 10520K, committed 10624K, reserved 1048576K
Event: 95.564 GC heap after
Heap after GC invocations=17 (full 3):
 PSYoungGen      total 152064K, used 17206K [0x00000000f5580000, 0x0000000100000000, 0x0000000100000000)
  eden space 132608K, 0% used [0x00000000f5580000,0x00000000f5580000,0x00000000fd700000)
  from space 19456K, 88% used [0x00000000fec80000,0x00000000ffd4d830,0x00000000fff80000)
  to   space 20992K, 0% used [0x00000000fd700000,0x00000000fd700000,0x00000000feb80000)
 ParOldGen       total 175104K, used 33358K [0x00000000e0000000, 0x00000000eab00000, 0x00000000f5580000)
  object space 175104K, 19% used [0x00000000e0000000,0x00000000e2093928,0x00000000eab00000)
 Metaspace       used 69274K, capacity 72544K, committed 72832K, reserved 1112064K
  class space    used 9809K, capacity 10520K, committed 10624K, reserved 1048576K
}
Event: 101.554 GC heap before
{Heap before GC invocations=18 (full 3):
 PSYoungGen      total 152064K, used 149814K [0x00000000f5580000, 0x0000000100000000, 0x0000000100000000)
  eden space 132608K, 100% used [0x00000000f5580000,0x00000000fd700000,0x00000000fd700000)
  from space 19456K, 88% used [0x00000000fec80000,0x00000000ffd4d830,0x00000000fff80000)
  to   space 20992K, 0% used [0x00000000fd700000,0x00000000fd700000,0x00000000feb80000)
 ParOldGen       total 175104K, used 33358K [0x00000000e0000000, 0x00000000eab00000, 0x00000000f5580000)
  object space 175104K, 19% used [0x00000000e0000000,0x00000000e2093928,0x00000000eab00000)
 Metaspace       used 72349K, capacity 76052K, committed 76160K, reserved 1114112K
  class space    used 10150K, capacity 10880K, committed 10880K, reserved 1048576K
Event: 101.598 GC heap after
Heap after GC invocations=18 (full 3):
 PSYoungGen      total 153600K, used 8799K [0x00000000f5580000, 0x0000000100000000, 0x0000000100000000)
  eden space 132608K, 0% used [0x00000000f5580000,0x00000000f5580000,0x00000000fd700000)
  from space 20992K, 41% used [0x00000000fd700000,0x00000000fdf97d00,0x00000000feb80000)
  to   space 20480K, 0% used [0x00000000fec00000,0x00000000fec00000,0x0000000100000000)
 ParOldGen       total 175104K, used 45711K [0x00000000e0000000, 0x00000000eab00000, 0x00000000f5580000)
  object space 175104K, 26% used [0x00000000e0000000,0x00000000e2ca3e38,0x00000000eab00000)
 Metaspace       used 72349K, capacity 76052K, committed 76160K, reserved 1114112K
  class space    used 10150K, capacity 10880K, committed 10880K, reserved 1048576K
}
Event: 127.133 GC heap before
{Heap before GC invocations=19 (full 3):
 PSYoungGen      total 153600K, used 141407K [0x00000000f5580000, 0x0000000100000000, 0x0000000100000000)
  eden space 132608K, 100% used [0x00000000f5580000,0x00000000fd700000,0x00000000fd700000)
  from space 20992K, 41% used [0x00000000fd700000,0x00000000fdf97d00,0x00000000feb80000)
  to   space 20480K, 0% used [0x00000000fec00000,0x00000000fec00000,0x0000000100000000)
 ParOldGen       total 175104K, used 45711K [0x00000000e0000000, 0x00000000eab00000, 0x00000000f5580000)
  object space 175104K, 26% used [0x00000000e0000000,0x00000000e2ca3e38,0x00000000eab00000)
 Metaspace       used 76765K, capacity 80658K, committed 80768K, reserved 1118208K
  class space    used 10580K, capacity 11335K, committed 11392K, reserved 1048576K
Event: 127.160 GC heap after
Heap after GC invocations=19 (full 3):
 PSYoungGen      total 152064K, used 9413K [0x00000000f5580000, 0x00000000ffe80000, 0x0000000100000000)
  eden space 133120K, 0% used [0x00000000f5580000,0x00000000f5580000,0x00000000fd780000)
  from space 18944K, 49% used [0x00000000fec00000,0x00000000ff531798,0x00000000ffe80000)
  to   space 19968K, 0% used [0x00000000fd780000,0x00000000fd780000,0x00000000feb00000)
 ParOldGen       total 175104K, used 52267K [0x00000000e0000000, 0x00000000eab00000, 0x00000000f5580000)
  object space 175104K, 29% used [0x00000000e0000000,0x00000000e330af18,0x00000000eab00000)
 Metaspace       used 76765K, capacity 80658K, committed 80768K, reserved 1118208K
  class space    used 10580K, capacity 11335K, committed 11392K, reserved 1048576K
}

